app/proguard-rules.pro
# Retrofit
-keepattributes Signature
-keepattributes *Annotation*
-keep class retrofit2.** { *; }
-keepclassmembers,allowobfuscation interface * {
    @retrofit2.http.* <methods>;
}

# Gson
-keepattributes Signature
-keepattributes *Annotation*
-keep class com.google.gson.** { *; }

# Room
-keep class * extends androidx.room.RoomDatabase
-keep @androidx.room.Entity class *

# Google Cast (referenciado por nombre desde el Manifest)
-keep class cl.truchoradios.chile.cast.TruchoCastOptionsProvider { *; }