app/build/outputs/mapping/release/seeds.txt
cl.truchoradios.chile.data.local.entity.RecentEntity
cl.truchoradios.chile.data.local.RadioDatabase
cl.truchoradios.chile.TruchoRadiosApp_GeneratedInjector
cl.truchoradios.chile.data.local.entity.RadioEntity
cl.truchoradios.chile.TruchoRadiosApp
cl.truchoradios.chile.service.RadioPlayerService_GeneratedInjector
cl.truchoradios.chile.MainActivity
cl.truchoradios.chile.service.RadioPlayerService
cl.truchoradios.chile.data.local.RadioDatabase_Impl
cl.truchoradios.chile.MainActivity_GeneratedInjector
cl.truchoradios.chile.data.repository.RadioRepositoryImpl$loadData$type$1
cl.truchoradios.chile.data.local.entity.FavoriteEntity
cl.truchoradios.chile.player.PlaybackState: cl.truchoradios.chile.player.PlaybackState valueOf(java.lang.String)
cl.truchoradios.chile.data.local.RadioDatabase_Impl: RadioDatabase_Impl()
cl.truchoradios.chile.service.RadioPlayerService: RadioPlayerService()
cl.truchoradios.chile.MainActivity: MainActivity()
cl.truchoradios.chile.domain.model.StreamType: cl.truchoradios.chile.domain.model.StreamType[] values()
cl.truchoradios.chile.TruchoRadiosApp: TruchoRadiosApp()
cl.truchoradios.chile.data.repository.RadioRepositoryImpl$loadData$type$1: RadioRepositoryImpl$loadData$type$1()
cl.truchoradios.chile.data.local.RadioDatabase: RadioDatabase()
cl.truchoradios.chile.domain.model.StreamType: cl.truchoradios.chile.domain.model.StreamType valueOf(java.lang.String)
cl.truchoradios.chile.player.PlaybackState: cl.truchoradios.chile.player.PlaybackState[] values()
...
com.google.gson.JsonPrimitive: boolean isIntegral(com.google.gson.JsonPrimitive)
com.google.gson.internal.bind.JsonTreeWriter: com.google.gson.stream.JsonWriter endObject()
com.google.gson.reflect.TypeToken: void verifyNoTypeVariable(java.lang.reflect.Type)
androidx.media.AudioAttributesImplBaseParcelizer: void write(androidx.media.AudioAttributesImplBase,androidx.versionedparcelable.VersionedParcel)
com.google.gson.internal.bind.TypeAdapters$EnumTypeAdapter: void write(com.google.gson.stream.JsonWriter,java.lang.Object)
androidx.compose.ui.text.android.StaticLayoutFactory33: void setLineBreakConfig(android.text.StaticLayout$Builder,int,int)
androidx.compose.foundation.gestures.Orientation: androidx.compose.foundation.gestures.Orientation[] values()
com.google.gson.internal.bind.util.ISO8601Utils: ISO8601Utils()
com.google.gson.LongSerializationPolicy: LongSerializationPolicy(java.lang.String,int)
androidx.compose.ui.text.input.TextInputServiceAndroid$TextInputCommand: androidx.compose.ui.text.input.TextInputServiceAndroid$TextInputCommand valueOf(java.lang.String)
com.google.gson.internal.bind.TypeAdapters$6: TypeAdapters$6()
androidx.core.app.RemoteActionCompat: RemoteActionCompat()
com.google.gson.internal.bind.JsonTreeWriter: com.google.gson.stream.JsonWriter endArray()
com.google.gson.internal.bind.TypeAdapters$15: java.lang.String read(com.google.gson.stream.JsonReader)
com.google.gson.internal.Excluder: com.google.gson.TypeAdapter create(com.google.gson.Gson,com.google.gson.reflect.TypeToken)
androidx.compose.ui.platform.AndroidComposeView: androidx.compose.ui.hapticfeedback.HapticFeedback getHapticFeedBack()
androidx.compose.ui.platform.coreshims.ViewStructureCompat$Api23Impl: void setContentDescription(android.view.ViewStructure,java.lang.CharSequence)
com.google.gson.internal.bind.JsonTreeReader: long nextLong()
androidx.compose.ui.text.platform.extensions.LocaleListHelperMethods: void setTextLocales(androidx.compose.ui.text.platform.AndroidTextPaint,androidx.compose.ui.text.intl.LocaleList)
androidx.core.view.WindowInsetsCompat$Impl: boolean isVisible(int)
androidx.compose.foundation.text.input.internal.HandwritingGestureApi34: int performDeleteRangeGesture(androidx.compose.foundation.text.input.internal.TransformedTextFieldState,android.view.inputmethod.DeleteRangeGesture,androidx.compose.foundation.text.input.internal.TextLayoutState)
com.google.gson.FieldNamingPolicy$1: java.lang.String translateName(java.lang.reflect.Field)
com.google.gson.JsonObject: void addProperty(java.lang.String,java.lang.Boolean)
com.google.gson.internal.JsonReaderInternalAccess: void promoteNameToValue(com.google.gson.stream.JsonReader)
android.support.v4.media.MediaDescriptionCompat$Api21Impl: void setDescription(android.media.MediaDescription$Builder,java.lang.CharSequence)
androidx.compose.ui.text.android.Paint29: void getTextBounds(android.graphics.Paint,java.lang.CharSequence,int,int,android.graphics.Rect)
com.google.gson.internal.bind.TypeAdapters: com.google.gson.TypeAdapterFactory newFactory(java.lang.Class,com.google.gson.TypeAdapter)
androidx.compose.animation.EnterExitState: androidx.compose.animation.EnterExitState[] values()
com.google.gson.internal.bind.TypeAdapters$15: java.lang.Object read(com.google.gson.stream.JsonReader)
androidx.compose.ui.text.android.BoringLayoutFactory33: android.text.BoringLayout create(java.lang.CharSequence,android.text.TextPaint,int,android.text.Layout$Alignment,float,float,android.text.BoringLayout$Metrics,boolean,boolean,android.text.TextUtils$TruncateAt,int)
com.google.gson.internal.reflect.ReflectionHelper: void makeAccessible(java.lang.reflect.AccessibleObject)
com.google.gson.stream.JsonWriter: void setIndent(java.lang.String)
com.google.gson.internal.UnsafeAllocator$1: UnsafeAllocator$1(java.lang.reflect.Method,java.lang.Object)
com.google.gson.internal.bind.TypeAdapters$24: void write(com.google.gson.stream.JsonWriter,java.lang.Object)